Added Component: Designator=A1(uFL SMD)
Add component. Clean all parameters for all variants
Added Component: Designator=A2(uFL SMD)
Add component. Clean all parameters for all variants
Added Component: Designator=C1(C0402)
Add component. Clean all parameters for all variants
Add component (AddParameter): Name = "Value"; Value = "100nF"; VariantName = "[No Variations]"
Added Component: Designator=C2(C0402)
Add component. Clean all parameters for all variants
Add component (AddParameter): Name = "Value"; Value = "100nF"; VariantName = "[No Variations]"
Added Component: Designator=C3(C0402)
Add component. Clean all parameters for all variants
Add component (AddParameter): Name = "Value"; Value = "100nF"; VariantName = "[No Variations]"
Added Component: Designator=C4(C0402)
Add component. Clean all parameters for all variants
Add component (AddParameter): Name = "Value"; Value = "100nF"; VariantName = "[No Variations]"
Added Component: Designator=C5(C0402)
Add component. Clean all parameters for all variants
Add component (AddParameter): Name = "Value"; Value = "100nF"; VariantName = "[No Variations]"
Added Component: Designator=C6(C0402)
Add component. Clean all parameters for all variants
Add component (AddParameter): Name = "Value"; Value = "100nF"; VariantName = "[No Variations]"
Added Component: Designator=C7(C0402)
Add component. Clean all parameters for all variants
Add component (AddParameter): Name = "Value"; Value = "100nF"; VariantName = "[No Variations]"
Added Component: Designator=C8(C0402)
Add component. Clean all parameters for all variants
Add component (AddParameter): Name = "Value"; Value = "100nF"; VariantName = "[No Variations]"
Added Component: Designator=C9(C0402)
Add component. Clean all parameters for all variants
Add component (AddParameter): Name = "Value"; Value = "100nF"; VariantName = "[No Variations]"
Added Component: Designator=C10(C0402)
Add component. Clean all parameters for all variants
Add component (AddParameter): Name = "Value"; Value = "100nF"; VariantName = "[No Variations]"
Added Component: Designator=C11(C0603)
Add component. Clean all parameters for all variants
Add component (AddParameter): Name = "Value"; Value = "100nF"; VariantName = "[No Variations]"
Added Component: Designator=C12(C0603)
Add component. Clean all parameters for all variants
Add component (AddParameter): Name = "Value"; Value = "100nF"; VariantName = "[No Variations]"
Added Component: Designator=C13(C0402)
Add component. Clean all parameters for all variants
Add component (AddParameter): Name = "Value"; Value = "100nF"; VariantName = "[No Variations]"
Added Component: Designator=C14(C0402)
Add component. Clean all parameters for all variants
Add component (AddParameter): Name = "Value"; Value = "100pF"; VariantName = "[No Variations]"
Added Component: Designator=C15(C0603)
Add component. Clean all parameters for all variants
Add component (AddParameter): Name = "Value"; Value = "100nF"; VariantName = "[No Variations]"
Added Component: Designator=C16(C0603)
Add component. Clean all parameters for all variants
Add component (AddParameter): Name = "Value"; Value = "100nF"; VariantName = "[No Variations]"
Added Component: Designator=C17(C0603)
Add component. Clean all parameters for all variants
Add component (AddParameter): Name = "Value"; Value = "100nF"; VariantName = "[No Variations]"
Added Component: Designator=C18(C0603)
Add component. Clean all parameters for all variants
Add component (AddParameter): Name = "Value"; Value = "100nF"; VariantName = "[No Variations]"
Added Component: Designator=C19(C0603)
Add component. Clean all parameters for all variants
Add component (AddParameter): Name = "Value"; Value = "100nF"; VariantName = "[No Variations]"
Added Component: Designator=C20(C0603)
Add component. Clean all parameters for all variants
Add component (AddParameter): Name = "Value"; Value = "100nF"; VariantName = "[No Variations]"
Added Component: Designator=C21(C0603)
Add component. Clean all parameters for all variants
Add component (AddParameter): Name = "Value"; Value = "100nF"; VariantName = "[No Variations]"
Added Component: Designator=C22(C0603)
Add component. Clean all parameters for all variants
Add component (AddParameter): Name = "Value"; Value = "100nF"; VariantName = "[No Variations]"
Added Component: Designator=C23(C0603)
Add component. Clean all parameters for all variants
Add component (AddParameter): Name = "Value"; Value = "100nF"; VariantName = "[No Variations]"
Added Component: Designator=C24(C0603)
Add component. Clean all parameters for all variants
Add component (AddParameter): Name = "Value"; Value = "100nF"; VariantName = "[No Variations]"
Added Component: Designator=C25(C0603)
Add component. Clean all parameters for all variants
Add component (AddParameter): Name = "Value"; Value = "100nF"; VariantName = "[No Variations]"
Added Component: Designator=D1(L0603 RED)
Add component. Clean all parameters for all variants
Added Component: Designator=D2(L0603 RED)
Add component. Clean all parameters for all variants
Added Component: Designator=D3(L0603 RED)
Add component. Clean all parameters for all variants
Added Component: Designator=D4(L0603 RED)
Add component. Clean all parameters for all variants
Added Component: Designator=D5(L0603 RED)
Add component. Clean all parameters for all variants
Added Component: Designator=D6(L0603 RED)
Add component. Clean all parameters for all variants
Added Component: Designator=D7(L0603 BLUE)
Add component. Clean all parameters for all variants
Added Component: Designator=D8(L0603 GREEN)
Add component. Clean all parameters for all variants
Added Component: Designator=D9(L0603 GREEN)
Add component. Clean all parameters for all variants
Added Component: Designator=J1(Header 1x3 Male)
Add component. Clean all parameters for all variants
Added Component: Designator=J2(Header 1x3 Male)
Add component. Clean all parameters for all variants
Added Component: Designator=J3(Header 1x3 Male)
Add component. Clean all parameters for all variants
Added Component: Designator=J4(Header 1x3 Male)
Add component. Clean all parameters for all variants
Added Component: Designator=J5(Header 1x3 Male)
Add component. Clean all parameters for all variants
Added Component: Designator=J6(Header 1x3 Male)
Add component. Clean all parameters for all variants
Added Component: Designator=J7(Header 2x3 Male)
Add component. Clean all parameters for all variants
Added Component: Designator=J8(USB micro)
Add component. Clean all parameters for all variants
Added Component: Designator=L1(Inductor 0603)
Add component. Clean all parameters for all variants
Add component (AddParameter): Name = "Value"; Value = "10mH"; VariantName = "[No Variations]"
Added Component: Designator=R1(R0603)
Add component. Clean all parameters for all variants
Add component (AddParameter): Name = "Value"; Value = "1k"; VariantName = "[No Variations]"
Added Component: Designator=R2(R0603)
Add component. Clean all parameters for all variants
Add component (AddParameter): Name = "Value"; Value = "1k"; VariantName = "[No Variations]"
Added Component: Designator=R3(R0603)
Add component. Clean all parameters for all variants
Add component (AddParameter): Name = "Value"; Value = "1k"; VariantName = "[No Variations]"
Added Component: Designator=R4(R0603)
Add component. Clean all parameters for all variants
Add component (AddParameter): Name = "Value"; Value = "1k"; VariantName = "[No Variations]"
Added Component: Designator=R5(R0603)
Add component. Clean all parameters for all variants
Add component (AddParameter): Name = "Value"; Value = "1k"; VariantName = "[No Variations]"
Added Component: Designator=R6(R0603)
Add component. Clean all parameters for all variants
Add component (AddParameter): Name = "Value"; Value = "1k"; VariantName = "[No Variations]"
Added Component: Designator=R7(R0603)
Add component. Clean all parameters for all variants
Add component (AddParameter): Name = "Value"; Value = "1k"; VariantName = "[No Variations]"
Added Component: Designator=R8(R0603)
Add component. Clean all parameters for all variants
Add component (AddParameter): Name = "Value"; Value = "1k"; VariantName = "[No Variations]"
Added Component: Designator=R9(R0603)
Add component. Clean all parameters for all variants
Add component (AddParameter): Name = "Value"; Value = "1k"; VariantName = "[No Variations]"
Added Component: Designator=R10(R0603)
Add component. Clean all parameters for all variants
Add component (AddParameter): Name = "Value"; Value = "1k"; VariantName = "[No Variations]"
Added Component: Designator=R11(R0603)
Add component. Clean all parameters for all variants
Add component (AddParameter): Name = "Value"; Value = "1k"; VariantName = "[No Variations]"
Added Component: Designator=R12(R0603)
Add component. Clean all parameters for all variants
Add component (AddParameter): Name = "Value"; Value = "1k"; VariantName = "[No Variations]"
Added Component: Designator=SW1(Button SMD)
Add component. Clean all parameters for all variants
Added Component: Designator=T1(2N7002)
Add component. Clean all parameters for all variants
Added Component: Designator=T2(2N7002)
Add component. Clean all parameters for all variants
Added Component: Designator=T3(2N7002)
Add component. Clean all parameters for all variants
Added Component: Designator=T4(2N7002)
Add component. Clean all parameters for all variants
Added Component: Designator=T5(2N7002)
Add component. Clean all parameters for all variants
Added Component: Designator=T6(2N7002)
Add component. Clean all parameters for all variants
Added Component: Designator=U1(ATmega4809)
Add component. Clean all parameters for all variants
Added Component: Designator=U2(FTDI)
Add component. Clean all parameters for all variants
Added Component: Designator=U3(RN2483A)
Add component. Clean all parameters for all variants
Added Component: Designator=X1(Crystal SMD 3.2x2.5)
Add component. Clean all parameters for all variants
Added Pin To Net: NetName=+3V3 Pin=C7-2
Added Pin To Net: NetName=+3V3 Pin=C8-2
Added Pin To Net: NetName=+3V3 Pin=C9-2
Added Pin To Net: NetName=+3V3 Pin=C10-2
Added Pin To Net: NetName=+3V3 Pin=C11-2
Added Pin To Net: NetName=+3V3 Pin=J1-1
Added Pin To Net: NetName=+3V3 Pin=J2-1
Added Pin To Net: NetName=+3V3 Pin=J3-1
Added Pin To Net: NetName=+3V3 Pin=J4-1
Added Pin To Net: NetName=+3V3 Pin=J5-1
Added Pin To Net: NetName=+3V3 Pin=J6-1
Added Pin To Net: NetName=+3V3 Pin=J7-6
Added Pin To Net: NetName=+3V3 Pin=L1-1
Added Pin To Net: NetName=+3V3 Pin=U1-14
Added Pin To Net: NetName=+3V3 Pin=U1-42
Added Pin To Net: NetName=+3V3 Pin=X1-4
Added Net: Name=+3V3
Added Pin To Net: NetName=ADC_SENSOR1 Pin=C1-2
Added Pin To Net: NetName=ADC_SENSOR1 Pin=J1-2
Added Pin To Net: NetName=ADC_SENSOR1 Pin=U1-20
Added Net: Name=ADC_SENSOR1
Added Pin To Net: NetName=ADC_SENSOR2 Pin=C2-2
Added Pin To Net: NetName=ADC_SENSOR2 Pin=J2-2
Added Pin To Net: NetName=ADC_SENSOR2 Pin=U1-21
Added Net: Name=ADC_SENSOR2
Added Pin To Net: NetName=ADC_SENSOR3 Pin=C3-2
Added Pin To Net: NetName=ADC_SENSOR3 Pin=J3-2
Added Pin To Net: NetName=ADC_SENSOR3 Pin=U1-22
Added Net: Name=ADC_SENSOR3
Added Pin To Net: NetName=ADC_SENSOR4 Pin=C4-2
Added Pin To Net: NetName=ADC_SENSOR4 Pin=J4-2
Added Pin To Net: NetName=ADC_SENSOR4 Pin=U1-23
Added Net: Name=ADC_SENSOR4
Added Pin To Net: NetName=ADC_SENSOR5 Pin=C5-2
Added Pin To Net: NetName=ADC_SENSOR5 Pin=J5-2
Added Pin To Net: NetName=ADC_SENSOR5 Pin=U1-24
Added Net: Name=ADC_SENSOR5
Added Pin To Net: NetName=ADC_SENSOR6 Pin=C6-2
Added Pin To Net: NetName=ADC_SENSOR6 Pin=J6-2
Added Pin To Net: NetName=ADC_SENSOR6 Pin=U1-25
Added Net: Name=ADC_SENSOR6
Added Pin To Net: NetName=BUTTON Pin=R7-1
Added Pin To Net: NetName=BUTTON Pin=U1-46
Added Net: Name=BUTTON
Added Pin To Net: NetName=GND Pin=A1-2
Added Pin To Net: NetName=GND Pin=A1-2
Added Pin To Net: NetName=GND Pin=A1-2
Added Pin To Net: NetName=GND Pin=A2-2
Added Pin To Net: NetName=GND Pin=A2-2
Added Pin To Net: NetName=GND Pin=A2-2
Added Pin To Net: NetName=GND Pin=C1-1
Added Pin To Net: NetName=GND Pin=C2-1
Added Pin To Net: NetName=GND Pin=C3-1
Added Pin To Net: NetName=GND Pin=C4-1
Added Pin To Net: NetName=GND Pin=C5-1
Added Pin To Net: NetName=GND Pin=C6-1
Added Pin To Net: NetName=GND Pin=C7-1
Added Pin To Net: NetName=GND Pin=C8-1
Added Pin To Net: NetName=GND Pin=C9-1
Added Pin To Net: NetName=GND Pin=C10-1
Added Pin To Net: NetName=GND Pin=C11-1
Added Pin To Net: NetName=GND Pin=C12-1
Added Pin To Net: NetName=GND Pin=C13-1
Added Pin To Net: NetName=GND Pin=C14-1
Added Pin To Net: NetName=GND Pin=C15-1
Added Pin To Net: NetName=GND Pin=C16-1
Added Pin To Net: NetName=GND Pin=C17-1
Added Pin To Net: NetName=GND Pin=C18-1
Added Pin To Net: NetName=GND Pin=C19-1
Added Pin To Net: NetName=GND Pin=C20-1
Added Pin To Net: NetName=GND Pin=C21-1
Added Pin To Net: NetName=GND Pin=C22-1
Added Pin To Net: NetName=GND Pin=C23-1
Added Pin To Net: NetName=GND Pin=C24-1
Added Pin To Net: NetName=GND Pin=C25-1
Added Pin To Net: NetName=GND Pin=D7-2
Added Pin To Net: NetName=GND Pin=J7-2
Added Pin To Net: NetName=GND Pin=R1-1
Added Pin To Net: NetName=GND Pin=R2-1
Added Pin To Net: NetName=GND Pin=R3-1
Added Pin To Net: NetName=GND Pin=R4-1
Added Pin To Net: NetName=GND Pin=R5-1
Added Pin To Net: NetName=GND Pin=R6-1
Added Pin To Net: NetName=GND Pin=SW1-3
Added Pin To Net: NetName=GND Pin=SW1-4
Added Pin To Net: NetName=GND Pin=T1-2
Added Pin To Net: NetName=GND Pin=T2-2
Added Pin To Net: NetName=GND Pin=T3-2
Added Pin To Net: NetName=GND Pin=T4-2
Added Pin To Net: NetName=GND Pin=T5-2
Added Pin To Net: NetName=GND Pin=T6-2
Added Pin To Net: NetName=GND Pin=U1-15
Added Pin To Net: NetName=GND Pin=U1-29
Added Pin To Net: NetName=GND Pin=U1-43
Added Pin To Net: NetName=GND Pin=U2-3
Added Pin To Net: NetName=GND Pin=U2-13
Added Pin To Net: NetName=GND Pin=U3-1
Added Pin To Net: NetName=GND Pin=U3-8
Added Pin To Net: NetName=GND Pin=U3-11
Added Pin To Net: NetName=GND Pin=U3-20
Added Pin To Net: NetName=GND Pin=U3-21
Added Pin To Net: NetName=GND Pin=U3-22
Added Pin To Net: NetName=GND Pin=U3-24
Added Pin To Net: NetName=GND Pin=U3-26
Added Pin To Net: NetName=GND Pin=U3-27
Added Pin To Net: NetName=GND Pin=U3-28
Added Pin To Net: NetName=GND Pin=U3-33
Added Pin To Net: NetName=GND Pin=U3-41
Added Pin To Net: NetName=GND Pin=U3-47
Added Pin To Net: NetName=GND Pin=X1-2
Added Net: Name=GND
Added Pin To Net: NetName=LED Pin=R8-1
Added Pin To Net: NetName=LED Pin=U1-47
Added Net: Name=LED
Added Pin To Net: NetName=NetA1_1 Pin=A1-1
Added Pin To Net: NetName=NetA1_1 Pin=U3-25
Added Net: Name=NetA1_1
Added Pin To Net: NetName=NetA2_1 Pin=A2-1
Added Pin To Net: NetName=NetA2_1 Pin=U3-23
Added Net: Name=NetA2_1
Added Pin To Net: NetName=NetC13_2 Pin=C13-2
Added Pin To Net: NetName=NetC13_2 Pin=C14-2
Added Pin To Net: NetName=NetC13_2 Pin=L1-2
Added Pin To Net: NetName=NetC13_2 Pin=U1-28
Added Net: Name=NetC13_2
Added Pin To Net: NetName=NetC15_2 Pin=C15-2
Added Pin To Net: NetName=NetC15_2 Pin=R7-2
Added Pin To Net: NetName=NetC15_2 Pin=SW1-1
Added Pin To Net: NetName=NetC15_2 Pin=SW1-2
Added Net: Name=NetC15_2
Added Pin To Net: NetName=NetC19_2 Pin=C19-2
Added Pin To Net: NetName=NetC19_2 Pin=U2-10
Added Pin To Net: NetName=NetC19_2 Pin=U2-11
Added Pin To Net: NetName=NetC19_2 Pin=U2-20
Added Net: Name=NetC19_2
Added Pin To Net: NetName=NetC20_2 Pin=C20-2
Added Pin To Net: NetName=NetC20_2 Pin=J8-2
Added Pin To Net: NetName=NetC20_2 Pin=R11-1
Added Net: Name=NetC20_2
Added Pin To Net: NetName=NetC21_2 Pin=C21-2
Added Pin To Net: NetName=NetC21_2 Pin=J8-3
Added Pin To Net: NetName=NetC21_2 Pin=R12-1
Added Net: Name=NetC21_2
Added Pin To Net: NetName=NetC22_2 Pin=C22-2
Added Pin To Net: NetName=NetC22_2 Pin=C23-2
Added Pin To Net: NetName=NetC22_2 Pin=U3-34
Added Net: Name=NetC22_2
Added Pin To Net: NetName=NetC24_2 Pin=C24-2
Added Pin To Net: NetName=NetC24_2 Pin=C25-2
Added Pin To Net: NetName=NetC24_2 Pin=U3-12
Added Net: Name=NetC24_2
Added Pin To Net: NetName=NetD1_2 Pin=D1-2
Added Pin To Net: NetName=NetD1_2 Pin=R1-2
Added Net: Name=NetD1_2
Added Pin To Net: NetName=NetD2_2 Pin=D2-2
Added Pin To Net: NetName=NetD2_2 Pin=R2-2
Added Net: Name=NetD2_2
Added Pin To Net: NetName=NetD3_2 Pin=D3-2
Added Pin To Net: NetName=NetD3_2 Pin=R3-2
Added Net: Name=NetD3_2
Added Pin To Net: NetName=NetD4_2 Pin=D4-2
Added Pin To Net: NetName=NetD4_2 Pin=R4-2
Added Net: Name=NetD4_2
Added Pin To Net: NetName=NetD5_2 Pin=D5-2
Added Pin To Net: NetName=NetD5_2 Pin=R5-2
Added Net: Name=NetD5_2
Added Pin To Net: NetName=NetD6_2 Pin=D6-2
Added Pin To Net: NetName=NetD6_2 Pin=R6-2
Added Net: Name=NetD6_2
Added Pin To Net: NetName=NetD7_1 Pin=D7-1
Added Pin To Net: NetName=NetD7_1 Pin=R8-2
Added Net: Name=NetD7_1
Added Pin To Net: NetName=NetD8_1 Pin=D8-1
Added Pin To Net: NetName=NetD8_1 Pin=R9-1
Added Net: Name=NetD8_1
Added Pin To Net: NetName=NetD8_2 Pin=D8-2
Added Pin To Net: NetName=NetD8_2 Pin=U2-14
Added Net: Name=NetD8_2
Added Pin To Net: NetName=NetD9_1 Pin=D9-1
Added Pin To Net: NetName=NetD9_1 Pin=R10-1
Added Net: Name=NetD9_1
Added Pin To Net: NetName=NetD9_2 Pin=D9-2
Added Pin To Net: NetName=NetD9_2 Pin=U2-7
Added Net: Name=NetD9_2
Added Pin To Net: NetName=NetJ1_3 Pin=J1-3
Added Pin To Net: NetName=NetJ1_3 Pin=T1-3
Added Net: Name=NetJ1_3
Added Pin To Net: NetName=NetJ2_3 Pin=J2-3
Added Pin To Net: NetName=NetJ2_3 Pin=T2-3
Added Net: Name=NetJ2_3
Added Pin To Net: NetName=NetJ3_3 Pin=J3-3
Added Pin To Net: NetName=NetJ3_3 Pin=T3-3
Added Net: Name=NetJ3_3
Added Pin To Net: NetName=NetJ4_3 Pin=J4-3
Added Pin To Net: NetName=NetJ4_3 Pin=T4-3
Added Net: Name=NetJ4_3
Added Pin To Net: NetName=NetJ5_3 Pin=J5-3
Added Pin To Net: NetName=NetJ5_3 Pin=T5-3
Added Net: Name=NetJ5_3
Added Pin To Net: NetName=NetJ6_3 Pin=J6-3
Added Pin To Net: NetName=NetJ6_3 Pin=T6-3
Added Net: Name=NetJ6_3
Added Pin To Net: NetName=NetR11_2 Pin=R11-2
Added Pin To Net: NetName=NetR11_2 Pin=U2-9
Added Net: Name=NetR11_2
Added Pin To Net: NetName=NetR12_2 Pin=R12-2
Added Pin To Net: NetName=NetR12_2 Pin=U2-8
Added Net: Name=NetR12_2
Added Pin To Net: NetName=NetU1_1 Pin=U1-1
Added Pin To Net: NetName=NetU1_1 Pin=U2-17
Added Net: Name=NetU1_1
Added Pin To Net: NetName=NetU1_10 Pin=U1-10
Added Pin To Net: NetName=NetU1_10 Pin=U3-7
Added Net: Name=NetU1_10
Added Pin To Net: NetName=NetU1_11 Pin=U1-11
Added Pin To Net: NetName=NetU1_11 Pin=U3-6
Added Net: Name=NetU1_11
Added Pin To Net: NetName=NetU1_48 Pin=U1-48
Added Pin To Net: NetName=NetU1_48 Pin=U2-1
Added Net: Name=NetU1_48
Added Pin To Net: NetName=OSC_EN Pin=U1-45
Added Pin To Net: NetName=OSC_EN Pin=X1-1
Added Net: Name=OSC_EN
Added Pin To Net: NetName=OSC_IN Pin=C12-2
Added Pin To Net: NetName=OSC_IN Pin=U1-44
Added Pin To Net: NetName=OSC_IN Pin=X1-3
Added Net: Name=OSC_IN
Added Pin To Net: NetName=SW_SENSOR1 Pin=D1-1
Added Pin To Net: NetName=SW_SENSOR1 Pin=T1-1
Added Pin To Net: NetName=SW_SENSOR1 Pin=U1-4
Added Net: Name=SW_SENSOR1
Added Pin To Net: NetName=SW_SENSOR2 Pin=D2-1
Added Pin To Net: NetName=SW_SENSOR2 Pin=T2-1
Added Pin To Net: NetName=SW_SENSOR2 Pin=U1-5
Added Net: Name=SW_SENSOR2
Added Pin To Net: NetName=SW_SENSOR3 Pin=D3-1
Added Pin To Net: NetName=SW_SENSOR3 Pin=T3-1
Added Pin To Net: NetName=SW_SENSOR3 Pin=U1-6
Added Net: Name=SW_SENSOR3
Added Pin To Net: NetName=SW_SENSOR4 Pin=D4-1
Added Pin To Net: NetName=SW_SENSOR4 Pin=T4-1
Added Pin To Net: NetName=SW_SENSOR4 Pin=U1-7
Added Net: Name=SW_SENSOR4
Added Pin To Net: NetName=SW_SENSOR5 Pin=D5-1
Added Pin To Net: NetName=SW_SENSOR5 Pin=T5-1
Added Pin To Net: NetName=SW_SENSOR5 Pin=U1-8
Added Net: Name=SW_SENSOR5
Added Pin To Net: NetName=SW_SENSOR6 Pin=D6-1
Added Pin To Net: NetName=SW_SENSOR6 Pin=T6-1
Added Pin To Net: NetName=SW_SENSOR6 Pin=U1-9
Added Net: Name=SW_SENSOR6
Added Pin To Net: NetName=UPDI Pin=J7-3
Added Pin To Net: NetName=UPDI Pin=U1-41
Added Net: Name=UPDI
Added Pin To Net: NetName=USB_VCC Pin=C16-2
Added Pin To Net: NetName=USB_VCC Pin=C17-2
Added Pin To Net: NetName=USB_VCC Pin=C18-2
Added Pin To Net: NetName=USB_VCC Pin=J8-1
Added Pin To Net: NetName=USB_VCC Pin=R9-2
Added Pin To Net: NetName=USB_VCC Pin=R10-2
Added Pin To Net: NetName=USB_VCC Pin=U2-12
Added Net: Name=USB_VCC
Added Class: Name=LoRaWan
Added Class: Name=Sensors
Added Class: Name=Target MCU
Added Class: Name=USB HOST
Added Room: Name=LoRaWan
Added Room: Name=Sensors
Added Room: Name=Target MCU
Added Room: Name=USB HOST
