Removed Member From Class: ClassName=Target MCU Member=C18
Removed Member From Class: ClassName=Target MCU Member=C21
Removed Member From Class: ClassName=USB HOST Member=C25
Removed Member From Class: ClassName=Sensors Member=D9
Removed Member From Class: ClassName=Sensors Member=D10
Change Component Designator: OldDesignator=C28 NewDesignator=C29
Change Component Designator: OldDesignator=C29 NewDesignator=C30
Change Component Designator: OldDesignator=C30 NewDesignator=C31
Change Component Designator: OldDesignator=C31 NewDesignator=C32
Change Component Designator: OldDesignator=C32 NewDesignator=C33
Change Component Designator: OldDesignator=C33 NewDesignator=C34
Change Component Designator: OldDesignator=C34 NewDesignator=C35
Added Component: Designator=C28(Capacitor electrolytic SMD 4x5.4)
Add component. Clean all parameters for all variants
Add component (AddParameter): Name = "Value"; Value = "10uF"; VariantName = "[No Variations]"
Added Pin To Net: NetName=GND Pin=C28-2
Change Net Name : Old Net Name=NetC32_2 New Net Name=NetC33_2
Change Net Name : Old Net Name=NetC33_1 New Net Name=NetC34_1
Change Net Name : Old Net Name=NetC33_2 New Net Name=NetC34_2
Change Net Name : Old Net Name=NetC34_2 New Net Name=NetC35_2
Added Pin To Net: NetName=NetC28_1 Pin=C28-1
Added Pin To Net: NetName=NetC28_1 Pin=U6-1
Added Net: Name=NetC28_1
Added Member To Class: ClassName=Target MCU Member=Component C16 Capacitor 0603
Added Member To Class: ClassName=Target MCU Member=Component C17 Capacitor 0603
Added Member To Class: ClassName=USB HOST Member=Component C19 Capacitor 0603
Added Member To Class: ClassName=USB HOST Member=Component C20 Capacitor 0603
Added Member To Class: ClassName=USB HOST Member=Component C23 Capacitor 0603
Added Member To Class: ClassName=POWER Member=Component C28 El. Capacitor SMD 4x5.4
Added Member To Class: ClassName=POWER Member=Component C29 Capacitor 0603
Added Member To Class: ClassName=POWER Member=Component C30 El. Capacitor SMD 4x5.4
Added Member To Class: ClassName=POWER Member=Component C35 Capacitor 0805
Added Member To Class: ClassName=Sensors Member=Component D7 ESD
Added Member To Class: ClassName=Sensors Member=Component D8 LED Red
Added Member To Class: ClassName=POWER Member=Component U6 LDO regulator 3.3V
Added Room: Name=LoRaWan
Added Room: Name=POWER
Added Room: Name=Sensors
Added Room: Name=Target MCU
Added Room: Name=USB HOST
