Removed Pin From Net: NetName=GND Pin=U1-49
Removed Pin From Net: NetName=GND Pin=U2-21
Removed Member From Class: ClassName=POWER Member=T7
Removed Member From Class: ClassName=SOLAR BATTERY CHARGER Member=T9
Change Component Designator: OldDesignator=R13 NewDesignator=R14
Change Component Designator: OldDesignator=R14 NewDesignator=R15
Change Component Designator: OldDesignator=R15 NewDesignator=R16
Change Component Designator: OldDesignator=R16 NewDesignator=R17
Change Component Designator: OldDesignator=R17 NewDesignator=R18
Change Component Designator: OldDesignator=R18 NewDesignator=R19
Change Component Designator: OldDesignator=R19 NewDesignator=R20
Change Component Designator: OldDesignator=R20 NewDesignator=R21
Change Component Designator: OldDesignator=R21 NewDesignator=R22
Change Component Designator: OldDesignator=R22 NewDesignator=R23
Change Component Designator: OldDesignator=R23 NewDesignator=R24
Change Component Designator: OldDesignator=R24 NewDesignator=R25
Change Component Designator: OldDesignator=R25 NewDesignator=R26
Change Component Designator: OldDesignator=R26 NewDesignator=R27
Change Component Designator: OldDesignator=R27 NewDesignator=R28
Change Component Designator: OldDesignator=R28 NewDesignator=R29
Change Component Designator: OldDesignator=R29 NewDesignator=R30
Added Component: Designator=R13(R0603)
Add component. Clean all parameters for all variants
Add component (AddParameter): Name = "Value"; Value = "1k"; VariantName = "[No Variations]"
Added Pin To Net: NetName=+3V3 Pin=R13-2
Change Net Name : Old Net Name=NetR13_1 New Net Name=NetR14_1
Change Net Name : Old Net Name=NetR14_1 New Net Name=NetR15_1
Change Net Name : Old Net Name=NetR15_2 New Net Name=NetR16_2
Change Net Name : Old Net Name=NetR17_1 New Net Name=NetR18_1
Change Net Name : Old Net Name=NetR19_2 New Net Name=NetR20_2
Change Net Name : Old Net Name=NetR26_2 New Net Name=NetR27_2
Change Net Name : Old Net Name=NetR27_1 New Net Name=NetR28_1
Change Net Name : Old Net Name=NetR28_2 New Net Name=NetR29_2
Added Pin To Net: NetName=NetR13_1 Pin=R13-1
Added Pin To Net: NetName=NetR13_1 Pin=U3-32
Added Net: Name=NetR13_1
Added Member To Class: ClassName=LoRaWan Member=Component R15 Resistor 0603
Added Member To Class: ClassName=SOLAR BATTERY CHARGER Member=Component R30 Resistor 0603
Added Member To Class: ClassName=POWER Member=Component T8 N-CHANNEL MOSFET
Added Member To Class: ClassName=SOLAR BATTERY CHARGER Member=Component T10 N-CHANNEL MOSFET
Added Room: Name=LoRaWan
Added Room: Name=POWER
Added Room: Name=Sensors
Added Room: Name=SOLAR BATTERY CHARGER
Added Room: Name=Target MCU
Added Room: Name=USB HOST
