Removed Pin From Net: NetName=SW_SENSOR1 Pin=D1-1
Removed Pin From Net: NetName=SW_SENSOR2 Pin=D2-1
Removed Pin From Net: NetName=SW_SENSOR3 Pin=D3-1
Removed Pin From Net: NetName=SW_SENSOR4 Pin=D4-1
Removed Pin From Net: NetName=SW_SENSOR5 Pin=D8-1
Removed Pin From Net: NetName=GND Pin=R1-1
Removed Pin From Net: NetName=GND Pin=R2-1
Removed Pin From Net: NetName=GND Pin=R4-1
Removed Pin From Net: NetName=GND Pin=R5-1
Removed Pin From Net: NetName=GND Pin=R6-1
Change Component Designator: OldDesignator=R4 NewDesignator=R5
Change Component Designator: OldDesignator=R5 NewDesignator=R6
Added Component: Designator=R4(R0603)
Add component. Clean all parameters for all variants
Add component (AddParameter): Name = "Value"; Value = "1k"; VariantName = "[No Variations]"
Added Pin To Net: NetName=GND Pin=D1-2
Added Pin To Net: NetName=GND Pin=D2-2
Added Pin To Net: NetName=GND Pin=D3-2
Added Pin To Net: NetName=GND Pin=D4-2
Added Pin To Net: NetName=GND Pin=D8-2
Added Pin To Net: NetName=SW_SENSOR1 Pin=R1-2
Added Pin To Net: NetName=SW_SENSOR2 Pin=R2-2
Added Pin To Net: NetName=SW_SENSOR3 Pin=R4-2
Added Pin To Net: NetName=SW_SENSOR4 Pin=R5-2
Added Pin To Net: NetName=SW_SENSOR5 Pin=R6-2
Change Net Color : Old Net Color=Teal New Net Color=Default
Change Net Color : Old Net Color=Teal New Net Color=Default
Added Pin To Net: NetName=NetD1_1 Pin=D1-1
Added Pin To Net: NetName=NetD1_1 Pin=R1-1
Added Net: Name=NetD1_1
Added Pin To Net: NetName=NetD2_1 Pin=D2-1
Added Pin To Net: NetName=NetD2_1 Pin=R2-1
Added Net: Name=NetD2_1
Added Pin To Net: NetName=NetD3_1 Pin=D3-1
Added Pin To Net: NetName=NetD3_1 Pin=R4-1
Added Net: Name=NetD3_1
Added Pin To Net: NetName=NetD4_1 Pin=D4-1
Added Pin To Net: NetName=NetD4_1 Pin=R5-1
Added Net: Name=NetD4_1
Added Pin To Net: NetName=NetD8_1 Pin=D8-1
Added Pin To Net: NetName=NetD8_1 Pin=R6-1
Added Net: Name=NetD8_1
Added Room: Name=LoRaWan
Added Room: Name=POWER
Added Room: Name=Sensors
Added Room: Name=Target MCU
Added Room: Name=USB HOST
