Removed Pin From Net: NetName=+3V3 Pin=C24-2
Removed Pin From Net: NetName=+3V3 Pin=C25-2
Removed Pin From Net: NetName=+3V3 Pin=C26-2
Removed Pin From Net: NetName=+3V3 Pin=C27-2
Removed Pin From Net: NetName=+3V3 Pin=U3-12
Removed Pin From Net: NetName=+3V3 Pin=U3-34
Change Component Designator: OldDesignator=A2 NewDesignator=A1
Change Component Designator: OldDesignator=R27 NewDesignator=R26
Change Component Designator: OldDesignator=R28 NewDesignator=R27
Change Component Designator: OldDesignator=R29 NewDesignator=R28
Change Component Designator: OldDesignator=R30 NewDesignator=R29
Change Component Designator: OldDesignator=T8 NewDesignator=T7
Change Component Designator: OldDesignator=T9 NewDesignator=T8
Change Component Designator: OldDesignator=T10 NewDesignator=T9
Change Component Designator: OldDesignator=T11 NewDesignator=T10
Change Component Designator: OldDesignator=T12 NewDesignator=T11
Added Component: Designator=*1(P-CHANNEL MOSFET)
Add component. Clean all parameters for all variants
Added Pin To Net: NetName=+3V3 Pin=*1-2
Added Pin To Net: NetName=GND Pin=U3-1
Added Pin To Net: NetName=GND Pin=U3-8
Added Pin To Net: NetName=GND Pin=U3-11
Added Pin To Net: NetName=GND Pin=U3-20
Added Pin To Net: NetName=GND Pin=U3-21
Added Pin To Net: NetName=GND Pin=U3-22
Added Pin To Net: NetName=GND Pin=U3-24
Added Pin To Net: NetName=GND Pin=U3-26
Added Pin To Net: NetName=GND Pin=U3-27
Added Pin To Net: NetName=GND Pin=U3-28
Added Pin To Net: NetName=GND Pin=U3-33
Added Pin To Net: NetName=GND Pin=U3-41
Added Pin To Net: NetName=GND Pin=U3-47
Change Net Name : Old Net Name=NetA2_1 New Net Name=NetA1_1
Change Net Name : Old Net Name=NetR27_2 New Net Name=NetR26_2
Change Net Name : Old Net Name=NetR28_1 New Net Name=NetR27_1
Change Net Name : Old Net Name=NetR29_2 New Net Name=NetR28_2
Added Pin To Net: NetName=+3V3_LoRa Pin=*1-3
Added Pin To Net: NetName=+3V3_LoRa Pin=*1-3
Added Pin To Net: NetName=+3V3_LoRa Pin=*1-3
Added Pin To Net: NetName=+3V3_LoRa Pin=*1-3
Added Pin To Net: NetName=+3V3_LoRa Pin=C24-2
Added Pin To Net: NetName=+3V3_LoRa Pin=C25-2
Added Pin To Net: NetName=+3V3_LoRa Pin=C26-2
Added Pin To Net: NetName=+3V3_LoRa Pin=C27-2
Added Pin To Net: NetName=+3V3_LoRa Pin=U3-12
Added Pin To Net: NetName=+3V3_LoRa Pin=U3-34
Added Net: Name=+3V3_LoRa
Added Pin To Net: NetName=Net*1_1 Pin=*1-1
Added Pin To Net: NetName=Net*1_1 Pin=U1-12
Added Net: Name=Net*1_1
Added Member To Class: ClassName=LoRaWan Member=Component *1 P-CHANNEL MOSFET
Added Room: Name=LoRaWan
Added Room: Name=POWER
Added Room: Name=Sensors
Added Room: Name=SOLAR BATTERY CHARGER
Added Room: Name=Target MCU
Added Room: Name=USB HOST
