Change Component Footprint: Designator=J5 Old Footprint=HEADER 1X2 MALE New Footprint=HEADER 1X2 MALE JST
Change Component Designator: OldDesignator=C16 NewDesignator=C
Change Component Designator: OldDesignator=C17 NewDesignator=C
Change Component Designator: OldDesignator=C18 NewDesignator=C16
Change Component Designator: OldDesignator=C19 NewDesignator=C17
Change Component Designator: OldDesignator=C20 NewDesignator=C18
Change Component Designator: OldDesignator=C21 NewDesignator=C19
Change Component Designator: OldDesignator=C22 NewDesignator=C20
Change Component Designator: OldDesignator=C23 NewDesignator=C21
Change Component Designator: OldDesignator=C24 NewDesignator=C22
Change Component Designator: OldDesignator=C25 NewDesignator=C23
Change Component Designator: OldDesignator=C26 NewDesignator=C24
Change Component Designator: OldDesignator=C27 NewDesignator=C25
Change Component Designator: OldDesignator=D9 NewDesignator=D7
Change Component Designator: OldDesignator=D10 NewDesignator=D8
Change Component Designator: OldDesignator=D11 NewDesignator=D9
Change Component Designator: OldDesignator=D12 NewDesignator=D
Change Component Designator: OldDesignator=T6 NewDesignator=T
Change Component Designator: OldDesignator=X2 NewDesignator=X
Change Net Name : Old Net Name=NetC16_1 New Net Name=NetC_1
Change Net Name : Old Net Name=NetC17_1 New Net Name=NetC_1
Change Net Name : Old Net Name=NetC21_2 New Net Name=NetC19_2
Change Net Name : Old Net Name=NetC24_2 New Net Name=NetC22_2
Change Net Name : Old Net Name=NetC26_2 New Net Name=NetC24_2
Change Net Name : Old Net Name=NetD9_1 New Net Name=NetD7_1
Change Net Name : Old Net Name=NetD10_1 New Net Name=NetD8_1
Change Net Name : Old Net Name=NetD10_2 New Net Name=NetD8_2
Change Net Name : Old Net Name=NetD11_1 New Net Name=NetD9_1
Change Net Name : Old Net Name=NetD11_2 New Net Name=NetD9_2
Change Net Name : Old Net Name=NetT6_1 New Net Name=NetT_1
Change Net Name : Old Net Name=NetT6_3 New Net Name=NetT_3
Change Net Name : Old Net Name=USB_N New Net Name=NetC20_2
Change Net Name : Old Net Name=USB_P New Net Name=NetC21_2
Added Room: Name=LoRaWan
Added Room: Name=POWER
Added Room: Name=Sensors
Added Room: Name=Target MCU
Added Room: Name=USB HOST
