Removed Member From Class: ClassName=POWER Member=C
Removed Member From Class: ClassName=Sensors Member=C
Removed Member From Class: ClassName=Sensors Member=D
Change Component Designator: OldDesignator=C5 NewDesignator=C6
Change Component Designator: OldDesignator=C16 NewDesignator=C18
Change Component Designator: OldDesignator=C17 NewDesignator=C19
Change Component Designator: OldDesignator=C18 NewDesignator=C20
Change Component Designator: OldDesignator=C19 NewDesignator=C21
Change Component Designator: OldDesignator=C20 NewDesignator=C22
Change Component Designator: OldDesignator=C21 NewDesignator=C23
Change Component Designator: OldDesignator=C22 NewDesignator=C24
Change Component Designator: OldDesignator=C23 NewDesignator=C25
Change Component Designator: OldDesignator=C24 NewDesignator=C26
Change Component Designator: OldDesignator=C25 NewDesignator=C27
Change Component Designator: OldDesignator=C NewDesignator=C5
Change Component Designator: OldDesignator=C NewDesignator=C16
Change Component Designator: OldDesignator=C NewDesignator=C17
Change Component Designator: OldDesignator=C NewDesignator=C28
Change Component Designator: OldDesignator=C NewDesignator=C29
Change Component Designator: OldDesignator=C NewDesignator=C30
Change Component Designator: OldDesignator=D5 NewDesignator=D8
Change Component Designator: OldDesignator=D7 NewDesignator=D9
Change Component Designator: OldDesignator=D8 NewDesignator=D10
Change Component Designator: OldDesignator=D9 NewDesignator=D11
Change Component Designator: OldDesignator=D NewDesignator=D5
Change Component Designator: OldDesignator=D NewDesignator=D6
Change Component Designator: OldDesignator=D NewDesignator=D7
Change Component Designator: OldDesignator=D NewDesignator=D12
Change Component Designator: OldDesignator=J5 NewDesignator=J6
Change Component Designator: OldDesignator=J NewDesignator=J5
Change Component Designator: OldDesignator=J? NewDesignator=J9
Change Component Designator: OldDesignator=L NewDesignator=L2
Change Component Designator: OldDesignator=R3 NewDesignator=R4
Change Component Designator: OldDesignator=R4 NewDesignator=R5
Change Component Designator: OldDesignator=R5 NewDesignator=R6
Change Component Designator: OldDesignator=R6 NewDesignator=R3
Change Component Designator: OldDesignator=R NewDesignator=R13
Change Component Designator: OldDesignator=R NewDesignator=R14
Change Component Designator: OldDesignator=R NewDesignator=R15
Change Component Designator: OldDesignator=R NewDesignator=R16
Change Component Designator: OldDesignator=R NewDesignator=R17
Change Component Designator: OldDesignator=R NewDesignator=R18
Change Component Designator: OldDesignator=R NewDesignator=R19
Change Component Designator: OldDesignator=R NewDesignator=R20
Change Component Designator: OldDesignator=T NewDesignator=T6
Change Component Designator: OldDesignator=T? NewDesignator=T7
Change Component Designator: OldDesignator=T? NewDesignator=T8
Change Component Designator: OldDesignator=T? NewDesignator=T9
Change Component Designator: OldDesignator=T? NewDesignator=T10
Change Component Designator: OldDesignator=U NewDesignator=U7
Change Component Designator: OldDesignator=U? NewDesignator=U4
Change Component Designator: OldDesignator=U? NewDesignator=U5
Change Component Designator: OldDesignator=U? NewDesignator=U6
Change Component Designator: OldDesignator=U? NewDesignator=U8
Change Component Designator: OldDesignator=X NewDesignator=X2
Change Net Name : Old Net Name=NetC19_2 New Net Name=NetC21_2
Change Net Name : Old Net Name=NetC20_2 New Net Name=NetC22_2
Change Net Name : Old Net Name=NetC21_2 New Net Name=NetC23_2
Change Net Name : Old Net Name=NetC22_2 New Net Name=NetC24_2
Change Net Name : Old Net Name=NetC24_2 New Net Name=NetC26_2
Change Net Name : Old Net Name=NetC_1 New Net Name=NetC17_1
Change Net Name : Old Net Name=NetC_2 New Net Name=NetC30_2
Change Net Name : Old Net Name=NetD5_2 New Net Name=NetD8_2
Change Net Name : Old Net Name=NetD7_1 New Net Name=NetD9_1
Change Net Name : Old Net Name=NetD8_1 New Net Name=NetD10_1
Change Net Name : Old Net Name=NetD8_2 New Net Name=NetD10_2
Change Net Name : Old Net Name=NetD9_1 New Net Name=NetD11_1
Change Net Name : Old Net Name=NetD9_2 New Net Name=NetD11_2
Change Net Name : Old Net Name=NetJ5_3 New Net Name=NetJ6_3
Change Net Name : Old Net Name=NetJ?_2 New Net Name=NetJ9_2
Change Net Name : Old Net Name=NetL_2 New Net Name=NetL2_2
Change Net Name : Old Net Name=NetR_1 New Net Name=NetR19_1
Change Net Name : Old Net Name=NetR_2 New Net Name=NetR13_2
Change Net Name : Old Net Name=NetT?_2 New Net Name=NetT8_2
Change Net Name : Old Net Name=NetT?_3 New Net Name=NetT8_3
Change Net Name : Old Net Name=NetT_1 New Net Name=NetT6_1
Change Net Name : Old Net Name=NetT_3 New Net Name=NetT6_3
Added Pin To Net: NetName=NetC5_2 Pin=C5-2
Added Pin To Net: NetName=NetC5_2 Pin=J5-1
Added Pin To Net: NetName=NetC5_2 Pin=R3-1
Added Net: Name=NetC5_2
Added Pin To Net: NetName=NetC16_1 Pin=C16-1
Added Pin To Net: NetName=NetC16_1 Pin=U1-34
Added Pin To Net: NetName=NetC16_1 Pin=X2-2
Added Net: Name=NetC16_1
Added Pin To Net: NetName=NetC28_2 Pin=C28-2
Added Pin To Net: NetName=NetC28_2 Pin=R14-2
Added Pin To Net: NetName=NetC28_2 Pin=R15-2
Added Pin To Net: NetName=NetC28_2 Pin=U7-1
Added Net: Name=NetC28_2
Added Pin To Net: NetName=NetC29_1 Pin=C29-1
Added Pin To Net: NetName=NetC29_1 Pin=U7-11
Added Net: Name=NetC29_1
Added Pin To Net: NetName=NetC29_2 Pin=C29-2
Added Pin To Net: NetName=NetC29_2 Pin=L2-1
Added Pin To Net: NetName=NetC29_2 Pin=U7-12
Added Net: Name=NetC29_2
Added Pin To Net: NetName=NetR14_1 Pin=R14-1
Added Pin To Net: NetName=NetR14_1 Pin=T9-3
Added Pin To Net: NetName=NetR14_1 Pin=T10-3
Added Pin To Net: NetName=NetR14_1 Pin=U6-1
Added Pin To Net: NetName=NetR14_1 Pin=U6-6
Added Pin To Net: NetName=NetR14_1 Pin=U8-1
Added Pin To Net: NetName=NetR14_1 Pin=U8-6
Added Net: Name=NetR14_1
Added Pin To Net: NetName=NetR15_1 Pin=R15-1
Added Pin To Net: NetName=NetR15_1 Pin=R16-2
Added Pin To Net: NetName=NetR15_1 Pin=U7-2
Added Net: Name=NetR15_1
Added Pin To Net: NetName=NetR17_2 Pin=R17-2
Added Pin To Net: NetName=NetR17_2 Pin=T10-2
Added Pin To Net: NetName=NetR17_2 Pin=U8-2
Added Net: Name=NetR17_2
Added Pin To Net: NetName=NetT7_2 Pin=T7-2
Added Pin To Net: NetName=NetT7_2 Pin=U4-2
Added Net: Name=NetT7_2
Added Pin To Net: NetName=NetT7_3 Pin=T7-3
Added Pin To Net: NetName=NetT7_3 Pin=U4-1
Added Pin To Net: NetName=NetT7_3 Pin=U4-6
Added Net: Name=NetT7_3
Added Member To Class: ClassName=Sensors Member=Component C6 Capacitor 0402
Added Member To Class: ClassName=Target MCU Member=Component C16 Capacitor 0603
Added Member To Class: ClassName=POWER Member=Component C28 Capacitor 0805
Added Member To Class: ClassName=POWER Member=Component C29 Capacitor 0603
Added Member To Class: ClassName=POWER Member=Component C30 Capacitor 0805
Added Member To Class: ClassName=Sensors Member=Component D6 ESD
Added Member To Class: ClassName=Sensors Member=Component D7 ESD
Added Member To Class: ClassName=Sensors Member=Component D8 LED Red
Added Member To Class: ClassName=POWER Member=Component R14 Resistor 0603
Added Member To Class: ClassName=POWER Member=Component R15 Resistor 0603
Added Member To Class: ClassName=POWER Member=Component R16 Resistor 0603
Added Member To Class: ClassName=POWER Member=Component R17 Resistor 0603
Added Member To Class: ClassName=POWER Member=Component R18 Resistor 0603
Added Member To Class: ClassName=POWER Member=Component R19 Resistor 0603
Added Member To Class: ClassName=POWER Member=Component R20 Resistor 0603
Added Member To Class: ClassName=POWER Member=Component T7 N-CHANNEL MOSFET
Added Member To Class: ClassName=POWER Member=Component T8 N-CHANNEL MOSFET
Added Member To Class: ClassName=POWER Member=Component T10 N-CHANNEL MOSFET
Added Member To Class: ClassName=POWER Member=Component U4 OR controller
Added Member To Class: ClassName=POWER Member=Component U5 OR controller
Added Member To Class: ClassName=POWER Member=Component U8 OR controller
Added Room: Name=LoRaWan
Added Room: Name=POWER
Added Room: Name=Sensors
Added Room: Name=Target MCU
Added Room: Name=USB HOST
