Change Component Designator: Old Designator=C New Designator=C1
Change Component Designator: Old Designator=C New Designator=C2
Change Component Designator: Old Designator=C New Designator=C3
Change Component Designator: Old Designator=C New Designator=C4
Change Component Designator: Old Designator=C New Designator=C5
Change Component Designator: Old Designator=C New Designator=C6
Change Component Designator: Old Designator=D New Designator=D1
Change Component Designator: Old Designator=D New Designator=D2
Change Component Designator: Old Designator=D New Designator=D3
Change Component Designator: Old Designator=D New Designator=D4
Change Component Designator: Old Designator=D New Designator=D5
Change Component Designator: Old Designator=D New Designator=D6
Change Component Designator: Old Designator=J New Designator=J1
Change Component Designator: Old Designator=J New Designator=J2
Change Component Designator: Old Designator=J New Designator=J3
Change Component Designator: Old Designator=J New Designator=J4
Change Component Designator: Old Designator=J New Designator=J5
Change Component Designator: Old Designator=J New Designator=J6
Change Component Designator: Old Designator=R New Designator=R1
Change Component Designator: Old Designator=R New Designator=R2
Change Component Designator: Old Designator=R New Designator=R3
Change Component Designator: Old Designator=R New Designator=R4
Change Component Designator: Old Designator=R New Designator=R5
Change Component Designator: Old Designator=R New Designator=R6
Change Component Designator: Old Designator=T New Designator=T1
Change Component Designator: Old Designator=T New Designator=T2
Change Component Designator: Old Designator=T New Designator=T3
Change Component Designator: Old Designator=T New Designator=T4
Change Component Designator: Old Designator=T New Designator=T5
Change Component Designator: Old Designator=T New Designator=T6
