Change Component Designator: Old Designator=C New Designator=C33
Change Component Designator: Old Designator=C New Designator=C34
Change Component Designator: Old Designator=C New Designator=C35
Change Component Designator: Old Designator=C New Designator=C36
Change Component Designator: Old Designator=C New Designator=C38
Change Component Designator: Old Designator=C New Designator=C39
Change Component Designator: Old Designator=C? New Designator=C37
Change Component Designator: Old Designator=J New Designator=J11
Change Component Designator: Old Designator=L New Designator=L2
Change Component Designator: Old Designator=R New Designator=R18
Change Component Designator: Old Designator=R New Designator=R19
Change Component Designator: Old Designator=R New Designator=R20
Change Component Designator: Old Designator=R New Designator=R21
Change Component Designator: Old Designator=R New Designator=R22
Change Component Designator: Old Designator=R New Designator=R23
Change Component Designator: Old Designator=R New Designator=R25
Change Component Designator: Old Designator=R New Designator=R26
Change Component Designator: Old Designator=R New Designator=R27
Change Component Designator: Old Designator=R New Designator=R28
Change Component Designator: Old Designator=R? New Designator=R24
Change Component Designator: Old Designator=T? New Designator=T9
Change Component Designator: Old Designator=T? New Designator=T10
Change Component Designator: Old Designator=U New Designator=U7
Change Component Designator: Old Designator=U? New Designator=U8
Change Component Designator: Old Designator=U? New Designator=U9
Change Component Designator: Old Designator=U? New Designator=U10
